<?xml version="1.0" encoding="UTF-8"?>
<!-- Generated by org.testng.reporters.JUnitReportReporter -->
<testsuite skipped="0" hostname="DESKTOP-A0381QT" name="inslyTests.TC_01_verify_Title_and_Form" tests="1" failures="0" timestamp="08 May 2019 07:24:04 GMT" time="27.505" errors="0">
  <testcase name="TC_01_titleCheck_and_FormVerify" time="27.505" classname="inslyTests.TC_01_verify_Title_and_Form"/>
</testsuite> <!-- inslyTests.TC_01_verify_Title_and_Form -->
